<?xml version="1.0" encoding="UTF-8"?>
<testng-results ignored="0" total="2" passed="2" failed="0" skipped="0">
  <reporter-output>
  </reporter-output>
  <suite started-at="2022-05-27T11:28:47 IST" name="Command line suite" finished-at="2022-05-27T11:32:34 IST" duration-ms="227063">
    <groups>
    </groups>
    <test started-at="2022-05-27T11:28:47 IST" name="Command line test" finished-at="2022-05-27T11:32:34 IST" duration-ms="227063">
      <class name="util.TestUtil">
        <test-method is-config="true" signature="initialize()[pri:0, instance:util.TestUtil@f6efaab]" started-at="2022-05-27T11:30:37 IST" name="initialize" finished-at="2022-05-27T11:30:37 IST" duration-ms="19" status="PASS">
          <reporter-output>
          </reporter-output>
        </test-method> <!-- initialize -->
        <test-method signature="testApp()[pri:0, instance:util.TestUtil@f6efaab]" started-at="2022-05-27T11:30:37 IST" name="testApp" finished-at="2022-05-27T11:32:32 IST" duration-ms="114591" status="PASS">
          <reporter-output>
          </reporter-output>
        </test-method> <!-- testApp -->
        <test-method is-config="true" signature="endScript()[pri:0, instance:util.TestUtil@f6efaab]" started-at="2022-05-27T11:32:32 IST" name="endScript" finished-at="2022-05-27T11:32:34 IST" duration-ms="1786" status="PASS">
          <reporter-output>
          </reporter-output>
        </test-method> <!-- endScript -->
      </class> <!-- util.TestUtil -->
      <class name="testcases.Testcases">
        <test-method is-config="true" signature="initialize()[pri:0, instance:testcases.Testcases@74f0ea28]" started-at="2022-05-27T11:28:47 IST" name="initialize" finished-at="2022-05-27T11:28:47 IST" duration-ms="53" status="PASS">
          <reporter-output>
          </reporter-output>
        </test-method> <!-- initialize -->
        <test-method signature="testApp()[pri:0, instance:testcases.Testcases@74f0ea28]" started-at="2022-05-27T11:28:47 IST" name="testApp" finished-at="2022-05-27T11:30:36 IST" duration-ms="108833" status="PASS">
          <reporter-output>
          </reporter-output>
        </test-method> <!-- testApp -->
        <test-method is-config="true" signature="endScript()[pri:0, instance:testcases.Testcases@74f0ea28]" started-at="2022-05-27T11:30:36 IST" name="endScript" finished-at="2022-05-27T11:30:37 IST" duration-ms="1748" status="PASS">
          <reporter-output>
          </reporter-output>
        </test-method> <!-- endScript -->
      </class> <!-- testcases.Testcases -->
    </test> <!-- Command line test -->
  </suite> <!-- Command line suite -->
</testng-results>
